app/build/outputs/logs/manifest-merger-debug-report.txt
-- Merging decision tree log ---
manifest
ADDED from src\main\AndroidManifest.xml:2:1-181:12
INJECTED from src\main\AndroidManifest.xml:2:1-181:12
INJECTED from src\main\AndroidManifest.xml:2:1-181:12
INJECTED from src\main\AndroidManifest.xml:2:1-181:12
INJECTED from src\main\AndroidManifest.xml:2:1-181:12
INJECTED from src\main\AndroidManifest.xml:2:1-181:12
INJECTED from src\main\AndroidManifest.xml:2:1-181:12
	package
		ADDED from src\main\AndroidManifest.xml:3:5-34
		INJECTED from src\main\AndroidManifest.xml
		INJECTED from src\main\AndroidManifest.xml
	android:versionName
		ADDED from src\main\AndroidManifest.xml:6:5-30
		INJECTED from src\main\AndroidManifest.xml
		INJECTED from src\main\AndroidManifest.xml
	xmlns:android
		ADDED from src\main\AndroidManifest.xml:2:11-69
	android:versionCode
		ADDED from src\main\AndroidManifest.xml:5:5-29
		INJECTED from src\main\AndroidManifest.xml
		INJECTED from src\main\AndroidManifest.xml
	android:installLocation
		ADDED from src\main\AndroidManifest.xml:4:5-35
uses-permission#android.permission.ACCESS_FINE_LOCATION
ADDED from src\main\AndroidManifest.xml:8:5-79
	android:name
		ADDED from src\main\AndroidManifest.xml:8:22-76
uses-permission#android.permission.ACCESS_COARSE_LOCATION
ADDED from src\main\AndroidManifest.xml:9:5-81
	android:name
		ADDED from src\main\AndroidManifest.xml:9:22-78
uses-permission#android.permission.ACCESS_NETWORK_STATE
ADDED from src\main\AndroidManifest.xml:10:5-79
	android:name
		ADDED from src\main\AndroidManifest.xml:10:22-76
uses-permission#android.permission.WRITE_EXTERNAL_STORAGE
ADDED from src\main\AndroidManifest.xml:11:5-81
	android:name
		ADDED from src\main\AndroidManifest.xml:11:22-78
uses-permission#android.permission.READ_EXTERNAL_STORAGE
ADDED from src\main\AndroidManifest.xml:12:5-80
	android:name
		ADDED from src\main\AndroidManifest.xml:12:22-77
uses-permission#android.permission.READ_PHONE_STATE
ADDED from src\main\AndroidManifest.xml:13:5-75
	android:name
		ADDED from src\main\AndroidManifest.xml:13:22-72
uses-permission#android.permission.INTERNET
ADDED from src\main\AndroidManifest.xml:14:5-67
	android:name
		ADDED from src\main\AndroidManifest.xml:14:22-64
uses-permission#android.permission.CAMERA
ADDED from src\main\AndroidManifest.xml:15:5-65
	android:name
		ADDED from src\main\AndroidManifest.xml:15:22-62
uses-permission#android.permission.ACCESS_MOCK_LOCATION
ADDED from src\main\AndroidManifest.xml:16:5-79
	android:name
		ADDED from src\main\AndroidManifest.xml:16:22-76
application
ADDED from src\main\AndroidManifest.xml:18:5-179:19
	android:label
		ADDED from src\main\AndroidManifest.xml:22:9-41
	android:icon
		ADDED from src\main\AndroidManifest.xml:21:9-45
	android:allowBackup
		ADDED from src\main\AndroidManifest.xml:20:9-35
	android:theme
		ADDED from src\main\AndroidManifest.xml:23:9-40
	android:name
		ADDED from src\main\AndroidManifest.xml:19:9-38
activity#com.ictfox.hafil_tc.SplashScreenActivity
ADDED from src\main\AndroidManifest.xml:24:9-35:20
	android:noHistory
		ADDED from src\main\AndroidManifest.xml:26:13-37
	android:theme
		ADDED from src\main\AndroidManifest.xml:27:13-60
	android:name
		ADDED from src\main\AndroidManifest.xml:25:13-68
intent-filter#action:name:android.intent.action.MAIN+category:name:android.intent.category.LAUNCHER
ADDED from src\main\AndroidManifest.xml:28:13-32:29
action#android.intent.action.MAIN
ADDED from src\main\AndroidManifest.xml:29:17-69
	android:name
		ADDED from src\main\AndroidManifest.xml:29:25-66
category#android.intent.category.LAUNCHER
ADDED from src\main\AndroidManifest.xml:31:17-77
	android:name
		ADDED from src\main\AndroidManifest.xml:31:27-74
activity#com.ictfox.hafil_tc.LoginActivity
ADDED from src\main\AndroidManifest.xml:36:9-40:20
	android:noHistory
		ADDED from src\main\AndroidManifest.xml:38:13-37
	android:theme
		ADDED from src\main\AndroidManifest.xml:39:13-60
	android:name
		ADDED from src\main\AndroidManifest.xml:37:13-61
activity#com.ictfox.hafil_tc.RestPassActivity
ADDED from src\main\AndroidManifest.xml:41:9-44:20
	android:theme
		ADDED from src\main\AndroidManifest.xml:43:13-60
	android:name
		ADDED from src\main\AndroidManifest.xml:42:13-64
activity#com.ictfox.hafil_tc.MainBoardActivity
ADDED from src\main\AndroidManifest.xml:45:9-48:20
	android:theme
		ADDED from src\main\AndroidManifest.xml:47:13-60
	android:name
		ADDED from src\main\AndroidManifest.xml:46:13-65
activity#com.ictfox.hafil_tc.buscheck.BusInofmationActivity
ADDED from src\main\AndroidManifest.xml:50:9-53:20
	android:theme
		ADDED from src\main\AndroidManifest.xml:52:13-60
	android:name
		ADDED from src\main\AndroidManifest.xml:51:14-79
activity#com.ictfox.hafil_tc.lastdays.BusInofmationActivityLastDays
ADDED from src\main\AndroidManifest.xml:54:17-57:20
	android:label
		ADDED from src\main\AndroidManifest.xml:56:13-85
	android:name
		ADDED from src\main\AndroidManifest.xml:55:13-86
activity#com.ictfox.hafil_tc.buscheck.MotorActivity
ADDED from src\main\AndroidManifest.xml:58:9-61:20
	android:theme
		ADDED from src\main\AndroidManifest.xml:60:13-60
	android:name
		ADDED from src\main\AndroidManifest.xml:59:12-69
activity#com.ictfox.hafil_tc.lastdays.MotorActivityLastDays
ADDED from src\main\AndroidManifest.xml:62:17-65:20
	android:label
		ADDED from src\main\AndroidManifest.xml:64:13-76
	android:name
		ADDED from src\main\AndroidManifest.xml:63:13-78
activity#com.ictfox.hafil_tc.buscheck.TakeefActivity
ADDED from src\main\AndroidManifest.xml:66:9-69:20
	android:theme
		ADDED from src\main\AndroidManifest.xml:68:13-60
	android:name
		ADDED from src\main\AndroidManifest.xml:67:13-71
activity#com.ictfox.hafil_tc.lastdays.TakeefActivityLastDays
ADDED from src\main\AndroidManifest.xml:70:17-73:20
	android:label
		ADDED from src\main\AndroidManifest.xml:72:13-77
	android:name
		ADDED from src\main\AndroidManifest.xml:71:13-79
activity#com.ictfox.hafil_tc.buscheck.KfraatActivity
ADDED from src\main\AndroidManifest.xml:74:14-77:20
	android:theme
		ADDED from src\main\AndroidManifest.xml:76:13-60
	android:name
		ADDED from src\main\AndroidManifest.xml:75:11-69
activity#com.ictfox.hafil_tc.lastdays.KfraatActivityLastDays
ADDED from src\main\AndroidManifest.xml:78:17-81:20
	android:label
		ADDED from src\main\AndroidManifest.xml:80:13-77
	android:name
		ADDED from src\main\AndroidManifest.xml:79:13-79
activity#com.ictfox.hafil_tc.buscheck.BatteryActivity
ADDED from src\main\AndroidManifest.xml:82:14-85:20
	android:theme
		ADDED from src\main\AndroidManifest.xml:84:13-60
	android:name
		ADDED from src\main\AndroidManifest.xml:83:13-72
activity#com.ictfox.hafil_tc.lastdays.BatteryActivityLastDays
ADDED from src\main\AndroidManifest.xml:86:21-89:20
	android:label
		ADDED from src\main\AndroidManifest.xml:88:13-78
	android:name
		ADDED from src\main\AndroidManifest.xml:87:13-80
activity#com.ictfox.hafil_tc.buscheck.GeropixActivity
ADDED from src\main\AndroidManifest.xml:90:9-93:20
	android:theme
		ADDED from src\main\AndroidManifest.xml:92:13-60
	android:name
		ADDED from src\main\AndroidManifest.xml:91:13-72
activity#com.ictfox.hafil_tc.lastdays.GeropixActivityLastDays
ADDED from src\main\AndroidManifest.xml:94:17-97:20
	android:label
		ADDED from src\main\AndroidManifest.xml:96:13-78
	android:name
		ADDED from src\main\AndroidManifest.xml:95:13-80
activity#com.ictfox.hafil_tc.buscheck.Ttabo3Activity
ADDED from src\main\AndroidManifest.xml:98:9-101:20
	android:theme
		ADDED from src\main\AndroidManifest.xml:100:13-60
	android:name
		ADDED from src\main\AndroidManifest.xml:99:13-71
activity#com.ictfox.hafil_tc.lastdays.Ttabo3ActivityLastDays
ADDED from src\main\AndroidManifest.xml:102:17-105:20
	android:label
		ADDED from src\main\AndroidManifest.xml:104:13-77
	android:name
		ADDED from src\main\AndroidManifest.xml:103:13-79
activity#com.ictfox.hafil_tc.buscheck.GlassActivity
ADDED from src\main\AndroidManifest.xml:106:17-109:20
	android:label
		ADDED from src\main\AndroidManifest.xml:108:13-57
	android:name
		ADDED from src\main\AndroidManifest.xml:107:12-69
activity#com.ictfox.hafil_tc.lastdays.GlassActivityLastDays
ADDED from src\main\AndroidManifest.xml:110:9-113:20
	android:label
		ADDED from src\main\AndroidManifest.xml:112:13-76
	android:name
		ADDED from src\main\AndroidManifest.xml:111:13-78
activity#com.ictfox.hafil_tc.buscheck.OtherActivity
ADDED from src\main\AndroidManifest.xml:114:16-117:20
	android:theme
		ADDED from src\main\AndroidManifest.xml:116:13-60
	android:name
		ADDED from src\main\AndroidManifest.xml:115:13-70
activity#com.ictfox.hafil_tc.lastdays.OtherActivityLastDays
ADDED from src\main\AndroidManifest.xml:118:17-121:20
	android:label
		ADDED from src\main\AndroidManifest.xml:120:13-76
	android:name
		ADDED from src\main\AndroidManifest.xml:119:13-78
activity#com.ictfox.hafil_tc.buscheck.TabHostActivity
ADDED from src\main\AndroidManifest.xml:122:9-125:20
	android:theme
		ADDED from src\main\AndroidManifest.xml:124:13-60
	android:name
		ADDED from src\main\AndroidManifest.xml:123:13-72
activity#com.ictfox.hafil_tc.lastdays.TabHostActivityLastDays
ADDED from src\main\AndroidManifest.xml:126:17-129:20
	android:label
		ADDED from src\main\AndroidManifest.xml:128:13-79
	android:name
		ADDED from src\main\AndroidManifest.xml:127:13-80
activity#com.ictfox.hafil_tc.LastDaysActivity
ADDED from src\main\AndroidManifest.xml:131:9-134:20
	android:label
		ADDED from src\main\AndroidManifest.xml:133:13-61
	android:name
		ADDED from src\main\AndroidManifest.xml:132:13-64
activity#com.ictfox.hafil_tc.LocationsActivity
ADDED from src\main\AndroidManifest.xml:144:9-147:20
	android:label
		ADDED from src\main\AndroidManifest.xml:146:13-61
	android:name
		ADDED from src\main\AndroidManifest.xml:145:13-65
activity#com.ictfox.hafil_tc.StoPoints
ADDED from src\main\AndroidManifest.xml:148:9-152:20
	android:label
		ADDED from src\main\AndroidManifest.xml:151:13-62
	android:windowSoftInputMode
		ADDED from src\main\AndroidManifest.xml:149:13-52
	android:name
		ADDED from src\main\AndroidManifest.xml:150:13-57
activity#com.ictfox.hafil_tc.Tjamo3Points
ADDED from src\main\AndroidManifest.xml:153:9-156:20
	android:label
		ADDED from src\main\AndroidManifest.xml:155:13-65
	android:name
		ADDED from src\main\AndroidManifest.xml:154:13-60
activity#com.ictfox.hafil_tc.Tjamo3LastDate
ADDED from src\main\AndroidManifest.xml:157:9-160:20
	android:label
		ADDED from src\main\AndroidManifest.xml:159:13-68
	android:name
		ADDED from src\main\AndroidManifest.xml:158:13-62
activity#com.ictfox.hafil_tc.Taskeen
ADDED from src\main\AndroidManifest.xml:161:9-44
	android:name
		ADDED from src\main\AndroidManifest.xml:161:19-42
activity#com.ictfox.hafil_tc.MainTaskeen
ADDED from src\main\AndroidManifest.xml:162:9-48
	android:name
		ADDED from src\main\AndroidManifest.xml:162:19-46
activity#com.ictfox.hafil_tc.TaskeenLastDays
ADDED from src\main\AndroidManifest.xml:163:9-52
	android:name
		ADDED from src\main\AndroidManifest.xml:163:19-50
activity#com.ictfox.hafil_tc.buscheck.Documents
ADDED from src\main\AndroidManifest.xml:164:9-55
	android:name
		ADDED from src\main\AndroidManifest.xml:164:19-53
activity#com.ictfox.hafil_tc.buscheck.Security
ADDED from src\main\AndroidManifest.xml:165:9-54
	android:name
		ADDED from src\main\AndroidManifest.xml:165:19-52
activity#com.ictfox.hafil_tc.buscheck.InternalBus
ADDED from src\main\AndroidManifest.xml:166:9-57
	android:name
		ADDED from src\main\AndroidManifest.xml:166:19-55
activity#com.ictfox.hafil_tc.buscheck.OuterBus
ADDED from src\main\AndroidManifest.xml:167:9-54
	android:name
		ADDED from src\main\AndroidManifest.xml:167:19-52
activity#com.ictfox.hafil_tc.buscheck.GeneralNotes
ADDED from src\main\AndroidManifest.xml:168:9-58
	android:name
		ADDED from src\main\AndroidManifest.xml:168:19-56
activity#com.ictfox.hafil_tc.buscheck.ExternalBus
ADDED from src\main\AndroidManifest.xml:169:9-57
	android:name
		ADDED from src\main\AndroidManifest.xml:169:19-55
activity#com.ictfox.hafil_tc.lastdays.DocumentsActivityLastDays
ADDED from src\main\AndroidManifest.xml:171:9-71
	android:name
		ADDED from src\main\AndroidManifest.xml:171:19-69
activity#com.ictfox.hafil_tc.lastdays.SecurityActivityLastDays
ADDED from src\main\AndroidManifest.xml:172:9-70
	android:name
		ADDED from src\main\AndroidManifest.xml:172:19-68
activity#com.ictfox.hafil_tc.lastdays.GeneralNotesActivityLastDays
ADDED from src\main\AndroidManifest.xml:173:9-74
	android:name
		ADDED from src\main\AndroidManifest.xml:173:19-72
activity#com.ictfox.hafil_tc.lastdays.InternalBusActivityLastDays
ADDED from src\main\AndroidManifest.xml:174:9-73
	android:name
		ADDED from src\main\AndroidManifest.xml:174:19-71
activity#com.ictfox.hafil_tc.lastdays.ExternalBusActivityLastDays
ADDED from src\main\AndroidManifest.xml:175:9-73
	android:name
		ADDED from src\main\AndroidManifest.xml:175:19-71
activity#com.ictfox.hafil_tc.lastdays.MotorActivityActivityLastDays
ADDED from src\main\AndroidManifest.xml:176:9-75
	android:name
		ADDED from src\main\AndroidManifest.xml:176:19-73
activity#com.ictfox.hafil_tc.lastdays.OtherActivityActivityLastDays
ADDED from src\main\AndroidManifest.xml:177:9-75
	android:name
		ADDED from src\main\AndroidManifest.xml:177:19-73
uses-sdk
INJECTED from src\main\AndroidManifest.xml reason: use-sdk injection requested
INJECTED from src\main\AndroidManifest.xml
INJECTED from src\main\AndroidManifest.xml
INJECTED from src\main\AndroidManifest.xml
INJECTED from src\main\AndroidManifest.xml
	android:targetSdkVersion
		INJECTED from src\main\AndroidManifest.xml
		ADDED from src\main\AndroidManifest.xml
		INJECTED from src\main\AndroidManifest.xml
	android:minSdkVersion
		INJECTED from src\main\AndroidManifest.xml
		ADDED from src\main\AndroidManifest.xml
		INJECTED from src\main\AndroidManifest.xml